<?xml version="1.0" encoding="UTF-8"?>
<!-- Generated by org.testng.reporters.JUnitReportReporter -->
<testsuite skipped="0" hostname="DESKTOP-FSKR1IR" name="com.w2a.API_Batch3.testCases.TestCreateUserAPI" tests="1" failures="0" timestamp="24 Mar 2019 06:05:35 GMT" time="2.979" errors="0">
  <testcase name="validateCreateUserAPIWithValidData" time="2.979" classname="com.w2a.API_Batch3.testCases.TestCreateUserAPI"/>
</testsuite> <!-- com.w2a.API_Batch3.testCases.TestCreateUserAPI -->
