<?xml version="1.0" encoding="UTF-8"?>
<!-- Generated by org.testng.reporters.JUnitReportReporter -->
<testsuite skipped="0" hostname="DESKTOP-FSKR1IR" name="com.w2a.API_Batch3.testCases.TestCreateCustomerAPI" tests="1" failures="0" timestamp="09 Mar 2019 06:28:50 GMT" time="3.843" errors="0">
  <testcase name="validateCreateCustomerAPIWithValidData" time="3.843" classname="com.w2a.API_Batch3.testCases.TestCreateCustomerAPI"/>
</testsuite> <!-- com.w2a.API_Batch3.testCases.TestCreateCustomerAPI -->
